<?xml version="1.0" encoding="utf-8"?><testsuites name="pytest tests"><testsuite name="pytest" errors="0" failures="0" skipped="0" tests="18" time="4.532" timestamp="2026-09-19T18:31:07.641521+00:00" hostname="agent-env-e17e4726-09aa-4c93-a2c0-f866e56f5f6c"><testcase classname="tests.test_production_audit" name="test_login_wrong_password" time="0.455" /><testcase classname="tests.test_production_audit" name="test_enquiries_requires_auth" time="0.142" /><testcase classname="tests.test_production_audit" name="test_upload_requires_auth" time="0.154" /><testcase classname="tests.test_production_audit" name="test_upload_rejects_exe" time="0.485" /><testcase classname="tests.test_production_audit" name="test_product_not_found" time="0.170" /><testcase classname="tests.test_production_audit" name="test_category_put_invalid" time="0.308" /><testcase classname="tests.test_production_audit" name="test_public_products_list" time="0.133" /><testcase classname="tests.test_production_audit" name="test_public_categories_list" time="0.176" /><testcase classname="tests.test_production_audit" name="test_public_slides_list" time="0.132" /><testcase classname="tests.test_production_audit" name="test_public_projects_list" time="0.143" /><testcase classname="tests.test_production_audit" name="test_public_content" time="0.158" /><testcase classname="tests.test_production_audit" name="test_robots_txt" time="0.129" /><testcase classname="tests.test_production_audit" name="test_sitemap_xml" time="0.199" /><testcase classname="tests.test_production_audit" name="test_favicon" time="0.174" /><testcase classname="tests.test_production_audit" name="test_index_meta_tags" time="0.135" /><testcase classname="tests.test_production_audit" name="test_cors_preflight_allowed_origin" time="0.145" /><testcase classname="tests.test_production_audit" name="test_enquiry_create_and_admin_read_delete" time="0.440" /><testcase classname="tests.test_production_audit" name="test_upload_png_and_serve" time="0.681" /></testsuite></testsuites>